<?xml version="1.0" encoding="UTF-8"?>
<!-- Generated by org.testng.reporters.JUnitReportReporter -->
<testsuite hostname="DESKTOP-6MP55UK" failures="0" tests="1" name="com.testng.practice.Registration" time="42.051" errors="0" timestamp="2022-10-05T14:26:57 IST" skipped="0">
  <testcase classname="com.testng.practice.Registration" name="Oracle" time="42.051"/>
  <system-out/>
</testsuite> <!-- com.testng.practice.Registration -->
