<?xml version="1.0" encoding="UTF-8"?>
<!-- Generated by org.testng.reporters.JUnitReportReporter -->
<testsuite hostname="DESKTOP-6MP55UK" failures="0" tests="1" name="com.testng.practice.LoginFacebook" time="21.914" errors="0" timestamp="2022-10-05T15:51:46 IST" skipped="0">
  <testcase classname="com.testng.practice.LoginFacebook" name="Login" time="21.914"/>
  <system-out/>
</testsuite> <!-- com.testng.practice.LoginFacebook -->
